0 info it worked if it ends with ok
1 verbose cli [ 'node', '/usr/local/bin/npm', 'install' ]
2 info using npm@1.4.28
3 info using node@v0.10.33
4 verbose readDependencies using package.json deps
5 verbose install where, deps [ '/Users/Deven/Documents/spotted-backend',
5 verbose install   [ 'mongodb', 'mongoose', 'express', 'connect-busboy', 'aws-sdk' ] ]
6 info preinstall Spotted@0.0.1
7 verbose readDependencies using package.json deps
8 verbose already installed skipping express@3.1.0 /Users/Deven/Documents/spotted-backend
9 verbose cache add [ 'connect-busboy@0.2.9', null ]
10 verbose cache add name=undefined spec="connect-busboy@0.2.9" args=["connect-busboy@0.2.9",null]
11 verbose parsed url { protocol: null,
11 verbose parsed url   slashes: null,
11 verbose parsed url   auth: null,
11 verbose parsed url   host: null,
11 verbose parsed url   port: null,
11 verbose parsed url   hostname: null,
11 verbose parsed url   hash: null,
11 verbose parsed url   search: null,
11 verbose parsed url   query: null,
11 verbose parsed url   pathname: 'connect-busboy@0.2.9',
11 verbose parsed url   path: 'connect-busboy@0.2.9',
11 verbose parsed url   href: 'connect-busboy@0.2.9' }
12 verbose cache add [ 'aws-sdk@*', null ]
13 verbose cache add name=undefined spec="aws-sdk@*" args=["aws-sdk@*",null]
14 verbose parsed url { protocol: null,
14 verbose parsed url   slashes: null,
14 verbose parsed url   auth: null,
14 verbose parsed url   host: null,
14 verbose parsed url   port: null,
14 verbose parsed url   hostname: null,
14 verbose parsed url   hash: null,
14 verbose parsed url   search: null,
14 verbose parsed url   query: null,
14 verbose parsed url   pathname: 'aws-sdk@*',
14 verbose parsed url   path: 'aws-sdk@*',
14 verbose parsed url   href: 'aws-sdk@*' }
15 verbose already installed skipping mongodb@1.2.14 /Users/Deven/Documents/spotted-backend
16 verbose cache add name="connect-busboy" spec="0.2.9" args=["connect-busboy","0.2.9"]
17 verbose parsed url { protocol: null,
17 verbose parsed url   slashes: null,
17 verbose parsed url   auth: null,
17 verbose parsed url   host: null,
17 verbose parsed url   port: null,
17 verbose parsed url   hostname: null,
17 verbose parsed url   hash: null,
17 verbose parsed url   search: null,
17 verbose parsed url   query: null,
17 verbose parsed url   pathname: '0.2.9',
17 verbose parsed url   path: '0.2.9',
17 verbose parsed url   href: '0.2.9' }
18 verbose addNamed [ 'connect-busboy', '0.2.9' ]
19 verbose addNamed [ '0.2.9', '0.2.9' ]
20 verbose cache add name="aws-sdk" spec="*" args=["aws-sdk","*"]
21 verbose parsed url { protocol: null,
21 verbose parsed url   slashes: null,
21 verbose parsed url   auth: null,
21 verbose parsed url   host: null,
21 verbose parsed url   port: null,
21 verbose parsed url   hostname: null,
21 verbose parsed url   hash: null,
21 verbose parsed url   search: null,
21 verbose parsed url   query: null,
21 verbose parsed url   pathname: '*',
21 verbose parsed url   path: '*',
21 verbose parsed url   href: '*' }
22 verbose addNamed [ 'aws-sdk', '*' ]
23 verbose addNamed [ null, '*' ]
24 silly lockFile ed9b9637-connect-busboy-0-2-9 connect-busboy@0.2.9
25 verbose lock connect-busboy@0.2.9 /Users/Deven/.npm/ed9b9637-connect-busboy-0-2-9.lock
26 silly lockFile f740d1c2-aws-sdk aws-sdk@*
27 verbose lock aws-sdk@* /Users/Deven/.npm/f740d1c2-aws-sdk.lock
28 verbose already installed skipping mongoose@3.8.19 /Users/Deven/Documents/spotted-backend
29 silly addNameRange { name: 'aws-sdk', range: '*', hasData: false }
30 verbose request where is /aws-sdk
31 verbose request registry https://registry.npmjs.org/
32 verbose request id 301282c843188793
33 verbose url raw /aws-sdk
34 verbose url resolving [ 'https://registry.npmjs.org/', './aws-sdk' ]
35 verbose url resolved https://registry.npmjs.org/aws-sdk
36 verbose request where is https://registry.npmjs.org/aws-sdk
37 info trying registry request attempt 1 at 02:30:15
38 http GET https://registry.npmjs.org/aws-sdk
39 verbose request where is /connect-busboy
40 verbose request registry https://registry.npmjs.org/
41 verbose url raw /connect-busboy
42 verbose url resolving [ 'https://registry.npmjs.org/', './connect-busboy' ]
43 verbose url resolved https://registry.npmjs.org/connect-busboy
44 verbose request where is https://registry.npmjs.org/connect-busboy
45 info trying registry request attempt 1 at 02:30:15
46 verbose etag "4D3Z4S1N4EERX8Z5BCH5AOCYT"
47 http GET https://registry.npmjs.org/connect-busboy
48 http 200 https://registry.npmjs.org/aws-sdk
49 silly registry.get cb [ 200,
49 silly registry.get   { date: 'Sun, 16 Nov 2014 07:30:15 GMT',
49 silly registry.get     server: 'CouchDB/1.5.0 (Erlang OTP/R16B03)',
49 silly registry.get     etag: '"BX4IS2KPW9U51VQUHSSJVXZ62"',
49 silly registry.get     'content-type': 'application/json',
49 silly registry.get     'cache-control': 'max-age=60',
49 silly registry.get     'content-length': '172444',
49 silly registry.get     'accept-ranges': 'bytes',
49 silly registry.get     via: '1.1 varnish',
49 silly registry.get     age: '0',
49 silly registry.get     'x-served-by': 'cache-jfk1020-JFK',
49 silly registry.get     'x-cache': 'HIT',
49 silly registry.get     'x-cache-hits': '1',
49 silly registry.get     'x-timer': 'S1416123015.698539,VS0,VE81',
49 silly registry.get     vary: 'Accept',
49 silly registry.get     'keep-alive': 'timeout=10, max=50',
49 silly registry.get     connection: 'Keep-Alive' } ]
50 silly addNameRange number 2 { name: 'aws-sdk', range: '*', hasData: true }
51 silly addNameRange versions [ 'aws-sdk',
51 silly addNameRange   [ '0.9.0-pre.1',
51 silly addNameRange     '0.9.1-pre.2',
51 silly addNameRange     '0.9.2-pre.3',
51 silly addNameRange     '0.9.3-pre.4',
51 silly addNameRange     '0.9.4-pre.5',
51 silly addNameRange     '0.9.5-pre.6',
51 silly addNameRange     '0.9.6-pre.7',
51 silly addNameRange     '0.9.7-pre.8',
51 silly addNameRange     '0.9.8-pre.9',
51 silly addNameRange     '0.9.9-pre.10',
51 silly addNameRange     '1.0.0',
51 silly addNameRange     '1.1.0',
51 silly addNameRange     '1.2.0',
51 silly addNameRange     '1.3.0',
51 silly addNameRange     '1.3.1',
51 silly addNameRange     '1.3.2',
51 silly addNameRange     '1.4.0',
51 silly addNameRange     '1.4.1',
51 silly addNameRange     '1.5.0',
51 silly addNameRange     '1.5.1',
51 silly addNameRange     '1.5.2',
51 silly addNameRange     '1.6.0',
51 silly addNameRange     '1.7.0',
51 silly addNameRange     '1.7.1',
51 silly addNameRange     '1.8.0',
51 silly addNameRange     '1.8.1',
51 silly addNameRange     '1.9.0',
51 silly addNameRange     '1.10.0',
51 silly addNameRange     '2.0.0-rc1',
51 silly addNameRange     '1.12.0',
51 silly addNameRange     '1.13.0',
51 silly addNameRange     '1.14.0',
51 silly addNameRange     '2.0.0-rc2',
51 silly addNameRange     '1.15.0',
51 silly addNameRange     '2.0.0-rc3',
51 silly addNameRange     '1.16.0',
51 silly addNameRange     '2.0.0-rc4',
51 silly addNameRange     '1.17.0',
51 silly addNameRange     '2.0.0-rc5',
51 silly addNameRange     '1.17.1',
51 silly addNameRange     '2.0.0-rc6',
51 silly addNameRange     '1.17.2',
51 silly addNameRange     '2.0.0-rc7',
51 silly addNameRange     '1.17.3',
51 silly addNameRange     '2.0.0-rc8',
51 silly addNameRange     '1.18.0',
51 silly addNameRange     '2.0.0-rc9',
51 silly addNameRange     '2.0.0-rc10',
51 silly addNameRange     '2.0.0-rc11',
51 silly addNameRange     '2.0.0-rc12',
51 silly addNameRange     '2.0.0-rc13',
51 silly addNameRange     '2.0.0-rc.14',
51 silly addNameRange     '2.0.0-rc.15',
51 silly addNameRange     '2.0.0-rc.16',
51 silly addNameRange     '2.0.0-rc.17',
51 silly addNameRange     '2.0.0-rc.18',
51 silly addNameRange     '2.0.0-rc.19',
51 silly addNameRange     '2.0.0-rc.20',
51 silly addNameRange     '2.0.1',
51 silly addNameRange     '2.0.2',
51 silly addNameRange     '2.0.3',
51 silly addNameRange     '2.0.4',
51 silly addNameRange     '2.0.5',
51 silly addNameRange     '2.0.6',
51 silly addNameRange     '2.0.7',
51 silly addNameRange     '2.0.8',
51 silly addNameRange     '2.0.9',
51 silly addNameRange     '2.0.10',
51 silly addNameRange     '2.0.11',
51 silly addNameRange     '2.0.12',
51 silly addNameRange     '2.0.13',
51 silly addNameRange     '2.0.14',
51 silly addNameRange     '2.0.15',
51 silly addNameRange     '2.0.16',
51 silly addNameRange     '2.0.17',
51 silly addNameRange     '2.0.18',
51 silly addNameRange     '2.0.19',
51 silly addNameRange     '2.0.21',
51 silly addNameRange     '2.0.22',
51 silly addNameRange     '2.0.23',
51 silly addNameRange     '2.0.24',
51 silly addNameRange     '2.0.25',
51 silly addNameRange     '2.0.26',
51 silly addNameRange     '2.0.27' ] ]
52 verbose addNamed [ 'aws-sdk', '2.0.27' ]
53 verbose addNamed [ '2.0.27', '2.0.27' ]
54 silly lockFile 85888727-aws-sdk-2-0-27 aws-sdk@2.0.27
55 verbose lock aws-sdk@2.0.27 /Users/Deven/.npm/85888727-aws-sdk-2-0-27.lock
56 silly lockFile 4192d9e5-s-org-aws-sdk-aws-sdk-2-0-27-tgz https://registry.npmjs.org/aws-sdk/-/aws-sdk-2.0.27.tgz
57 verbose lock https://registry.npmjs.org/aws-sdk/-/aws-sdk-2.0.27.tgz /Users/Deven/.npm/4192d9e5-s-org-aws-sdk-aws-sdk-2-0-27-tgz.lock
58 verbose addRemoteTarball [ 'https://registry.npmjs.org/aws-sdk/-/aws-sdk-2.0.27.tgz',
58 verbose addRemoteTarball   '8a2b8df3452d6f9e385118496d966dfbdf4c5cc2' ]
59 info retry fetch attempt 1 at 02:30:15
60 verbose fetch to= /var/folders/tz/8ch6g3215y5d6m61gxv6286m0000gn/T/npm-12865-PLT92vkI/registry.npmjs.org/aws-sdk/-/aws-sdk-2.0.27.tgz
61 http GET https://registry.npmjs.org/aws-sdk/-/aws-sdk-2.0.27.tgz
62 http 200 https://registry.npmjs.org/aws-sdk/-/aws-sdk-2.0.27.tgz
63 silly lockFile 4192d9e5-s-org-aws-sdk-aws-sdk-2-0-27-tgz https://registry.npmjs.org/aws-sdk/-/aws-sdk-2.0.27.tgz
64 silly lockFile 4192d9e5-s-org-aws-sdk-aws-sdk-2-0-27-tgz https://registry.npmjs.org/aws-sdk/-/aws-sdk-2.0.27.tgz
65 silly lockFile 85888727-aws-sdk-2-0-27 aws-sdk@2.0.27
66 silly lockFile 85888727-aws-sdk-2-0-27 aws-sdk@2.0.27
67 silly lockFile f740d1c2-aws-sdk aws-sdk@*
68 silly lockFile f740d1c2-aws-sdk aws-sdk@*
69 http 304 https://registry.npmjs.org/connect-busboy
70 silly registry.get cb [ 304,
70 silly registry.get   { date: 'Sun, 16 Nov 2014 07:30:15 GMT',
70 silly registry.get     server: 'Apache',
70 silly registry.get     via: '1.1 varnish',
70 silly registry.get     'last-modified': 'Sun, 16 Nov 2014 07:30:16 GMT',
70 silly registry.get     'cache-control': 'max-age=60',
70 silly registry.get     etag: '"4D3Z4S1N4EERX8Z5BCH5AOCYT"',
70 silly registry.get     age: '0',
70 silly registry.get     'x-served-by': 'cache-jfk1030-JFK',
70 silly registry.get     'x-cache': 'MISS',
70 silly registry.get     'x-cache-hits': '0',
70 silly registry.get     'x-timer': 'S1416123015.696723,VS0,VE350',
70 silly registry.get     vary: 'Accept',
70 silly registry.get     'content-length': '0',
70 silly registry.get     'keep-alive': 'timeout=10, max=50',
70 silly registry.get     connection: 'Keep-Alive' } ]
71 verbose etag https://registry.npmjs.org/connect-busboy from cache
72 silly lockFile ed9b9637-connect-busboy-0-2-9 connect-busboy@0.2.9
73 silly lockFile ed9b9637-connect-busboy-0-2-9 connect-busboy@0.2.9
74 error Error: version not found: connect-busboy@0.2.9
74 error     at /usr/local/lib/node_modules/npm/lib/cache/add-named.js:125:12
74 error     at saved (/usr/local/lib/node_modules/npm/node_modules/npm-registry-client/lib/get.js:167:7)
74 error     at Object.oncomplete (fs.js:107:15)
75 error If you need help, you may report this *entire* log,
75 error including the npm and node versions, at:
75 error     <http://github.com/npm/npm/issues>
76 error System Darwin 14.0.0
77 error command "node" "/usr/local/bin/npm" "install"
78 error cwd /Users/Deven/Documents/spotted-backend
79 error node -v v0.10.33
80 error npm -v 1.4.28
81 verbose exit [ 1, true ]
